<?xml version="1.0" encoding="UTF-8" ?>
<testsuites>
  <testsuite errors="0" failures="0" hostname="LAPTOP-UVTV9U6D" id="0" name="AreaCheckTest" package="beans" skipped="0" tests="9" time="0.048" timestamp="2023-05-03T11:46:26">
      <properties>
[...]
</properties>

      <testcase classname="beans.AreaCheckTest" name="checkCircleShoot" time="0.011" />

      <testcase classname="beans.AreaCheckTest" name="checkMissedRectangleShoot" time="0.0" />

      <testcase classname="beans.AreaCheckTest" name="checkTriangleShoot" time="0.001" />

      <testcase classname="beans.AreaCheckTest" name="checkMissedTriangleShoot" time="0.0" />

      <testcase classname="beans.AreaCheckTest" name="check0Shoot" time="0.0" />

      <testcase classname="beans.AreaCheckTest" name="checkRectangleShoot" time="0.0" />

      <testcase classname="beans.AreaCheckTest" name="checkEmptyAreaShoot" time="0.0" />

      <testcase classname="beans.AreaCheckTest" name="checkMissedCircleShoot" time="0.0" />

      <testcase classname="beans.AreaCheckTest" name="checkInvalidParamsShoot" time="0.003" />

      <system-out><![CDATA[]]></system-out>

      <system-err><![CDATA[]]></system-err>

  </testsuite>
</testsuites>
